<?xml version="1.0" encoding="UTF-8"?>
<!-- Generated by org.testng.reporters.JUnitReportReporter -->
<testsuite skipped="0" hostname="rganjare" name="com.xyz.projectname.modulename.functionalityname.TestNG_example" tests="1" failures="0" timestamp="2023-04-09T06:31:10 BST" time="0.025" errors="0">
  <testcase name="test" time="0.025" classname="com.xyz.projectname.modulename.functionalityname.TestNG_example"/>
  <system-out/>
</testsuite> <!-- com.xyz.projectname.modulename.functionalityname.TestNG_example -->
