<?xml version="1.0" encoding="UTF-8"?>
<!-- Generated by org.testng.reporters.JUnitReportReporter -->
<testsuite skipped="0" hostname="rganjare" name="com.xyz.projectname.modulename.functionality2.TryCatchBlock" tests="1" failures="0" timestamp="06 Apr 2023 20:59:33 GMT" time="0.011" errors="0">
  <testcase name="tryCatchBlock" time="0.011" classname="com.xyz.projectname.modulename.functionality2.TryCatchBlock"/>
</testsuite> <!-- com.xyz.projectname.modulename.functionality2.TryCatchBlock -->
